<?xml version="1.0" encoding="UTF-8"?>
<!-- Generated by org.testng.reporters.JUnitXMLReporter -->
<testsuite ignored="0" hostname="LAPTOP-7687MFOV" failures="1" tests="2" name="UserTests" time="12.684" errors="0" timestamp="2025-05-16T10:44:46 IST">
  <testcase classname="com.QAproject.loginTest.LoginTest" name="testLogin" time="6.781"/>
  <testcase classname="com.QAproject.loginTest.LoginTest" name="testTilte" time="0.653">
    <failure type="java.lang.AssertionError" message="expected [Instagramkt] but found []">
      <![CDATA[java.lang.AssertionError: expected [Instagramkt] but found []
at com.QAproject.loginTest.LoginTest.testTilte(LoginTest.java:23)
at java.base/java.util.ArrayList.forEach(ArrayList.java:1596)
... Removed 31 stack frames]]>
    </failure>
  </testcase> <!-- testTilte -->
</testsuite> <!-- UserTests -->
